This is pdfeTeX, Version 3.141592-1.21a-2.2 (Web2C 7.5.4) (format=pdflatex 2005.10.31)  15 FEB 2011 23:56
entering extended mode
**firstDesign.ltx
(./firstDesign.ltx
LaTeX2e <2003/12/01>
Babel <v3.8d> and hyphenation patterns for american, french, german, ngerman, b
ahasa, basque, bulgarian, catalan, croatian, czech, danish, dutch, esperanto, e
stonian, finnish, greek, icelandic, irish, italian, latin, magyar, norsk, polis
h, portuges, romanian, russian, serbian, slovak, slovene, spanish, swedish, tur
kish, ukrainian, nohyphenation, loaded.
(/usr/sww/pkg/teTeX-3.0/share/texmf-dist/tex/latex/base/article.cls
Document Class: article 2004/02/16 v1.4f Standard LaTeX document class
(/usr/sww/pkg/teTeX-3.0/share/texmf-dist/tex/latex/base/size10.clo
File: size10.clo 2004/02/16 v1.4f Standard LaTeX file (size option)
)
\c@part=\count79
\c@section=\count80
\c@subsection=\count81
\c@subsubsection=\count82
\c@paragraph=\count83
\c@subparagraph=\count84
\c@figure=\count85
\c@table=\count86
\abovecaptionskip=\skip41
\belowcaptionskip=\skip42
\bibindent=\dimen102
)
(/usr/sww/pkg/teTeX-3.0/share/texmf-dist/tex/latex/geometry/geometry.sty
Package: geometry 2002/07/08 v3.2 Page Geometry

(/usr/sww/pkg/teTeX-3.0/share/texmf-dist/tex/latex/graphics/keyval.sty
Package: keyval 1999/03/16 v1.13 key=value parser (DPC)
\KV@toks@=\toks14
)
\Gm@cnth=\count87
\Gm@cntv=\count88
\c@Gm@tempcnt=\count89
\Gm@bindingoffset=\dimen103
\Gm@wd@mp=\dimen104
\Gm@odd@mp=\dimen105
\Gm@even@mp=\dimen106
\Gm@dimlist=\toks15

(/usr/sww/pkg/teTeX-3.0/share/texmf-dist/tex/latex/geometry/geometry.cfg))
(/usr/sww/pkg/teTeX-3.0/share/texmf-dist/tex/latex/url/url.sty
\Urlmuskip=\muskip10
Package: url 2004/03/15  ver 3.1  Verb mode for urls, etc.
)
(/usr/sww/pkg/teTeX-3.0/share/texmf-dist/tex/latex/base/fontenc.sty
Package: fontenc 2004/02/22 v1.99f Standard LaTeX package

(/usr/sww/pkg/teTeX-3.0/share/texmf-dist/tex/latex/base/t1enc.def
File: t1enc.def 2004/02/22 v1.99f Standard LaTeX file
LaTeX Font Info:    Redeclaring font encoding T1 on input line 43.
))
(/usr/sww/pkg/teTeX-3.0/share/texmf-dist/tex/latex/microtype/microtype.sty
Package: microtype 2005/02/02 v1.6a Micro-typography with pdfTeX (RS)
\MT@count=\count90
Package microtype Info: Trying to load local config file `microtype.cfg' ...

(/usr/sww/pkg/teTeX-3.0/share/texmf-dist/tex/latex/microtype/microtype.cfg
File: microtype.cfg 2005/01/11 v1.5 microtype configuration file (RS)
)
Package microtype Info: ... local config file loaded successfully.
Package microtype Info: Generating PDF output.
Package microtype Info: Character protrusion enabled (level 2).
Package microtype Info: Using default protrusion set `alltext'.
Package microtype Info: Automatic font expansion enabled (level 2),
(microtype)             stretch: 20 / shrink: 20 / step: 4 / non-selected.
Package microtype Info: Using default expansion set `basictext'.
)
No file firstDesign.aux.
\openout1 = `firstDesign.aux'.

LaTeX Font Info:    Checking defaults for OML/cmm/m/it on input line 71.
LaTeX Font Info:    ... okay on input line 71.
LaTeX Font Info:    Checking defaults for T1/cmr/m/n on input line 71.
LaTeX Font Info:    ... okay on input line 71.
LaTeX Font Info:    Checking defaults for OT1/cmr/m/n on input line 71.
LaTeX Font Info:    ... okay on input line 71.
LaTeX Font Info:    Checking defaults for OMS/cmsy/m/n on input line 71.
LaTeX Font Info:    ... okay on input line 71.
LaTeX Font Info:    Checking defaults for OMX/cmex/m/n on input line 71.
LaTeX Font Info:    ... okay on input line 71.
LaTeX Font Info:    Checking defaults for U/cmr/m/n on input line 71.
LaTeX Font Info:    ... okay on input line 71.
(/usr/sww/pkg/teTeX-3.0/share/texmf-dist/tex/latex/microtype/mt-cmr.cfg
File: mt-cmr.cfg 2005/01/11 v1.5 microtype config. file: Computer Modern (RS)
)
-------------------- Geometry parameters
paper: letterpaper
landscape: --
twocolumn: --
twoside: --
asymmetric: --
h-parts: 79.49744pt, 455.30013pt, 79.49744pt
v-parts: 72.26999pt, 679.33757pt, 43.36243pt
hmarginratio: --
vmarginratio: --
lines: --
heightrounded: --
bindingoffset: 0.0pt
truedimen: --
includehead: --
includefoot: --
includemp: --
driver: pdftex
-------------------- Page layout dimensions and switches
\paperwidth  614.295pt
\paperheight 794.96999pt
\textwidth  455.30013pt
\textheight 679.33757pt
\oddsidemargin  7.22745pt
\evensidemargin 7.22745pt
\topmargin  0.0pt
\headheight 0.0pt
\headsep    0.0pt
\footskip   21.68121pt
\marginparwidth 65.0pt
\marginparsep   11.0pt
\columnsep  10.0pt
\skip\footins  9.0pt plus 4.0pt minus 2.0pt
\hoffset 0.0pt
\voffset 0.0pt
\mag 1000

(1in=72.27pt, 1cm=28.45pt)
-----------------------
LaTeX Font Info:    Try loading font information for T1+phv on input line 74.

(/usr/sww/pkg/teTeX-3.0/share/texmf-dist/tex/latex/psnfss/t1phv.fd
File: t1phv.fd 2001/06/04 scalable font definitions for T1/phv.
)
LaTeX Font Info:    Try loading font information for OMS+cmr on input line 94.

(/usr/sww/pkg/teTeX-3.0/share/texmf-dist/tex/latex/base/omscmr.fd
File: omscmr.fd 1999/05/25 v2.5h Standard LaTeX font definitions
)
LaTeX Font Info:    Font shape `OMS/cmr/m/n' in size <10> not available
(Font)              Font shape `OMS/cmsy/m/n' tried instead on input line 94.
LaTeX Font Info:    Try loading font information for T1+ppl on input line 105.

(/usr/sww/pkg/teTeX-3.0/share/texmf-dist/tex/latex/psnfss/t1ppl.fd
File: t1ppl.fd 2001/06/04 font definitions for T1/ppl.
)
(/usr/sww/pkg/teTeX-3.0/share/texmf-dist/tex/latex/microtype/mt-ppl.cfg
File: mt-ppl.cfg 2005/01/11 v1.4 microtype config. file: Palatino (RS)
)
LaTeX Font Info:    Try loading font information for OMS+ppl on input line 107.


(/usr/sww/pkg/teTeX-3.0/share/texmf-dist/tex/latex/psnfss/omsppl.fd
File: omsppl.fd 
)
LaTeX Font Info:    Font shape `OMS/ppl/m/n' in size <10> not available
(Font)              Font shape `OMS/cmsy/m/n' tried instead on input line 107.
LaTeX Font Info:    External font `cmex10' loaded for size
(Font)              <7> on input line 117.
LaTeX Font Info:    External font `cmex10' loaded for size
(Font)              <5> on input line 117.
LaTeX Font Info:    Try loading font information for T1+cmtt on input line 153.


(/usr/sww/pkg/teTeX-3.0/share/texmf-dist/tex/latex/base/t1cmtt.fd
File: t1cmtt.fd 1999/05/25 v2.5h Standard LaTeX font definitions
) [1

{/usr/sww/pkg/teTeX-3.0/share/texmf-var/fonts/map/pdftex/updmap/pdftex.map}]
(./firstDesign.aux) ) 
Here is how much of TeX's memory you used:
 1778 strings out of 94500
 27119 string characters out of 1173016
 82890 words of memory out of 1000000
 4949 multiletter control sequences out of 10000+50000
 25587 words of font info for 40 fonts, out of 500000 for 2000
 580 hyphenation exceptions out of 1000
 25i,4n,27p,184b,352s stack positions out of 1500i,500n,5000p,200000b,5000s
PDF statistics:
 17 PDF objects out of 300000
 0 named destinations out of 131072
 8193 words of extra memory for PDF output out of 65536
 </var/tmp/texfonts/pk/ljfour/jknappen/ec/ectt1000.600pk>{
/usr/sww/pkg/teTeX-3.0/share/texmf-dist/fonts/enc/dvips/psnfss/8r.enc}</usr/sww
/pkg/teTeX-3.0/share/texmf-dist/fonts/type1/urw/palatino/uplr8a.pfb></usr/sww/p
kg/teTeX-3.0/share/texmf-dist/fonts/type1/bluesky/cm/cmsy10.pfb> </var/tmp/texf
onts/pk/ljfour/jknappen/ec/ecrm1000.600pk>
Warning: pdflatex (file ecrm1000+8): Font ecrm1000+8 at 600 not found
 </var/tmp/texfonts/pk/ljfour/jknappen/ec/ecti0900.600pk></usr/sww/pkg/teTeX-3.
0/share/texmf-dist/fonts/type1/urw/helvetic/uhvr8a.pfb>
Output written on firstDesign.pdf (1 page, 74456 bytes).
