This is pdfeTeX, Version 3.141592-1.21a-2.2 (Web2C 7.5.4) (format=pdflatex 2005.10.31)  16 FEB 2011 00:01
entering extended mode
**math1a.ltx
(./math1a.ltx
LaTeX2e <2003/12/01>
Babel <v3.8d> and hyphenation patterns for american, french, german, ngerman, b
ahasa, basque, bulgarian, catalan, croatian, czech, danish, dutch, esperanto, e
stonian, finnish, greek, icelandic, irish, italian, latin, magyar, norsk, polis
h, portuges, romanian, russian, serbian, slovak, slovene, spanish, swedish, tur
kish, ukrainian, nohyphenation, loaded.
(/usr/sww/pkg/teTeX-3.0/share/texmf-dist/tex/latex/base/article.cls
Document Class: article 2004/02/16 v1.4f Standard LaTeX document class
(/usr/sww/pkg/teTeX-3.0/share/texmf-dist/tex/latex/base/size12.clo
File: size12.clo 2004/02/16 v1.4f Standard LaTeX file (size option)
)
\c@part=\count79
\c@section=\count80
\c@subsection=\count81
\c@subsubsection=\count82
\c@paragraph=\count83
\c@subparagraph=\count84
\c@figure=\count85
\c@table=\count86
\abovecaptionskip=\skip41
\belowcaptionskip=\skip42
\bibindent=\dimen102
)
(/usr/sww/pkg/teTeX-3.0/share/texmf-dist/tex/latex/amsmath/amsmath.sty
Package: amsmath 2000/07/18 v2.13 AMS math features
\@mathmargin=\skip43

For additional information on amsmath, use the `?' option.
(/usr/sww/pkg/teTeX-3.0/share/texmf-dist/tex/latex/amsmath/amstext.sty
Package: amstext 2000/06/29 v2.01

(/usr/sww/pkg/teTeX-3.0/share/texmf-dist/tex/latex/amsmath/amsgen.sty
File: amsgen.sty 1999/11/30 v2.0
\@emptytoks=\toks14
\ex@=\dimen103
))
(/usr/sww/pkg/teTeX-3.0/share/texmf-dist/tex/latex/amsmath/amsbsy.sty
Package: amsbsy 1999/11/29 v1.2d
\pmbraise@=\dimen104
)
(/usr/sww/pkg/teTeX-3.0/share/texmf-dist/tex/latex/amsmath/amsopn.sty
Package: amsopn 1999/12/14 v2.01 operator names
)
\inf@bad=\count87
LaTeX Info: Redefining \frac on input line 211.
\uproot@=\count88
\leftroot@=\count89
LaTeX Info: Redefining \overline on input line 307.
\classnum@=\count90
\DOTSCASE@=\count91
LaTeX Info: Redefining \ldots on input line 379.
LaTeX Info: Redefining \dots on input line 382.
LaTeX Info: Redefining \cdots on input line 467.
\Mathstrutbox@=\box26
\strutbox@=\box27
\big@size=\dimen105
LaTeX Font Info:    Redeclaring font encoding OML on input line 567.
LaTeX Font Info:    Redeclaring font encoding OMS on input line 568.
\macc@depth=\count92
\c@MaxMatrixCols=\count93
\dotsspace@=\muskip10
\c@parentequation=\count94
\dspbrk@lvl=\count95
\tag@help=\toks15
\row@=\count96
\column@=\count97
\maxfields@=\count98
\andhelp@=\toks16
\eqnshift@=\dimen106
\alignsep@=\dimen107
\tagshift@=\dimen108
\tagwidth@=\dimen109
\totwidth@=\dimen110
\lineht@=\dimen111
\@envbody=\toks17
\multlinegap=\skip44
\multlinetaggap=\skip45
\mathdisplay@stack=\toks18
LaTeX Info: Redefining \[ on input line 2666.
LaTeX Info: Redefining \] on input line 2667.
)
(/usr/sww/pkg/teTeX-3.0/share/texmf-dist/tex/latex/base/fontenc.sty
Package: fontenc 2004/02/22 v1.99f Standard LaTeX package

(/usr/sww/pkg/teTeX-3.0/share/texmf-dist/tex/latex/base/t1enc.def
File: t1enc.def 2004/02/22 v1.99f Standard LaTeX file
LaTeX Font Info:    Redeclaring font encoding T1 on input line 43.
))
(/usr/sww/pkg/teTeX-3.0/share/texmf-dist/tex/latex/psnfss/mathpazo.sty
Package: mathpazo 2004/09/15 PSNFSS-v9.2 Palatino w/ Pazo Math (D.Puga, WaS) 
\symupright=\mathgroup4
)
(/usr/sww/pkg/teTeX-3.0/share/texmf-dist/tex/latex/microtype/microtype.sty
Package: microtype 2005/02/02 v1.6a Micro-typography with pdfTeX (RS)

(/usr/sww/pkg/teTeX-3.0/share/texmf-dist/tex/latex/graphics/keyval.sty
Package: keyval 1999/03/16 v1.13 key=value parser (DPC)
\KV@toks@=\toks19
)
\MT@count=\count99
Package microtype Info: Trying to load local config file `microtype.cfg' ...

(/usr/sww/pkg/teTeX-3.0/share/texmf-dist/tex/latex/microtype/microtype.cfg
File: microtype.cfg 2005/01/11 v1.5 microtype configuration file (RS)
)
Package microtype Info: ... local config file loaded successfully.
Package microtype Info: Generating PDF output.
Package microtype Info: Character protrusion enabled (level 2).
Package microtype Info: Using default protrusion set `alltext'.
Package microtype Info: Automatic font expansion enabled (level 2),
(microtype)             stretch: 20 / shrink: 20 / step: 4 / non-selected.
Package microtype Info: Using default expansion set `basictext'.
)
(./math1a.aux)
\openout1 = `math1a.aux'.

LaTeX Font Info:    Checking defaults for OML/cmm/m/it on input line 16.
LaTeX Font Info:    ... okay on input line 16.
LaTeX Font Info:    Checking defaults for T1/cmr/m/n on input line 16.
LaTeX Font Info:    ... okay on input line 16.
LaTeX Font Info:    Checking defaults for OT1/cmr/m/n on input line 16.
LaTeX Font Info:    ... okay on input line 16.
LaTeX Font Info:    Checking defaults for OMS/cmsy/m/n on input line 16.
LaTeX Font Info:    ... okay on input line 16.
LaTeX Font Info:    Checking defaults for OMX/cmex/m/n on input line 16.
LaTeX Font Info:    ... okay on input line 16.
LaTeX Font Info:    Checking defaults for U/cmr/m/n on input line 16.
LaTeX Font Info:    ... okay on input line 16.
LaTeX Font Info:    Try loading font information for T1+pplx on input line 16.

(/usr/sww/pkg/teTeX-3.0/share/texmf-dist/tex/latex/psnfss/t1pplx.fd
File: t1pplx.fd 2004/09/06 font definitions for T1/pplx.
)
(/usr/sww/pkg/teTeX-3.0/share/texmf-dist/tex/latex/microtype/mt-ppl.cfg
File: mt-ppl.cfg 2005/01/11 v1.4 microtype config. file: Palatino (RS)
)
LaTeX Font Info:    Try loading font information for OT1+pplx on input line 18.


(/usr/sww/pkg/teTeX-3.0/share/texmf-dist/tex/latex/psnfss/ot1pplx.fd
File: ot1pplx.fd 2004/09/06 font definitions for OT1/pplx.
)
LaTeX Font Info:    Try loading font information for OML+zplm on input line 18.


(/usr/sww/pkg/teTeX-3.0/share/texmf-dist/tex/latex/psnfss/omlzplm.fd
File: omlzplm.fd 2002/09/08 Fontinst v1.914 font definitions for OML/zplm.
)
LaTeX Font Info:    Try loading font information for OMS+zplm on input line 18.


(/usr/sww/pkg/teTeX-3.0/share/texmf-dist/tex/latex/psnfss/omszplm.fd
File: omszplm.fd 2002/09/08 Fontinst v1.914 font definitions for OMS/zplm.
)
LaTeX Font Info:    Try loading font information for OMX+zplm on input line 18.


(/usr/sww/pkg/teTeX-3.0/share/texmf-dist/tex/latex/psnfss/omxzplm.fd
File: omxzplm.fd 2002/09/08 Fontinst v1.914 font definitions for OMX/zplm.
)
LaTeX Font Info:    Try loading font information for OT1+zplm on input line 18.


(/usr/sww/pkg/teTeX-3.0/share/texmf-dist/tex/latex/psnfss/ot1zplm.fd
File: ot1zplm.fd 2002/09/08 Fontinst v1.914 font definitions for OT1/zplm.
)
LaTeX Font Info:    Font shape `T1/pplx/bx/n' in size <17.28> not available
(Font)              Font shape `T1/pplx/b/n' tried instead on input line 20.

(./math1a.toc
LaTeX Font Info:    Font shape `T1/pplx/bx/n' in size <12> not available
(Font)              Font shape `T1/pplx/b/n' tried instead on input line 1.
 [1

{/usr/sww/pkg/teTeX-3.0/share/texmf-var/fonts/map/pdftex/updmap/pdftex.map}])
\tf@toc=\write3
\openout3 = `math1a.toc'.

LaTeX Font Info:    Font shape `T1/pplx/bx/n' in size <14.4> not available
(Font)              Font shape `T1/pplx/b/n' tried instead on input line 38.
 [2]
LaTeX Font Info:    Try loading font information for OMS+pplx on input line 48.

LaTeX Font Info:    No file OMSpplx.fd. on input line 48.


LaTeX Font Warning: Font shape `OMS/pplx/m/n' undefined
(Font)              using `OMS/cmsy/m/n' instead
(Font)              for symbol `textbullet' on input line 48.

[3] [4]
Overfull \hbox (6.75883pt too wide) in paragraph at lines 143--145
[]\^^@ You can also mod-ify the in-de-pen-dent vari-able ($\OML/zplm/m/it/12 g\
OT1/zplm/m/n/12 (\OML/zplm/m/it/12 x\OT1/zplm/m/n/12 ) = \OML/zplm/m/it/12 f\OT
1/zplm/m/n/12 (\OML/zplm/m/it/12 x \OT1/zplm/m/n/12 + \OML/zplm/m/it/12 c\OT1/z
plm/m/n/12 )\^^@ , \OML/zplm/m/it/12 h\OT1/zplm/m/n/12 (\OML/zplm/m/it/12 x\OT1
/zplm/m/n/12 ) =
 []

[5] [6] [7] [8] [9] [10] [11] [12] [13] [14] [15] [16] [17] [18] [19] [20]
[21] [22] [23] [24] [25] [26] [27] [28] [29] [30] [31] [32] [33] [34] [35]
[36] [37] [38] [39] [40] [41] [42] [43]
Overfull \hbox (4.74762pt too wide) in paragraph at lines 1892--1898
\^^@ The ba-sis of graph-ing func-tions quickly is called the ``In-creas-ing/De
creasing
 []

[44] [45] [46] [47]
Overfull \hbox (5.41394pt too wide) in paragraph at lines 2074--2081
\^^@ This is only true as long as $[][] [] \OT1/zplm/m/n/12 = [][] [] = \^^@ 0$
 \^^@ or $[][] [] \OT1/zplm/m/n/12 =
 []

[48] [49] [50] [51] [52] [53] [54] [55] [56] [57] (./math1a.aux)

LaTeX Font Warning: Some font shapes were not available, defaults substituted.


LaTeX Warning: Label(s) may have changed. Rerun to get cross-references right.

 ) 
Here is how much of TeX's memory you used:
 2113 strings out of 94500
 28390 string characters out of 1173016
 81975 words of memory out of 1000000
 5117 multiletter control sequences out of 10000+50000
 58878 words of font info for 201 fonts, out of 500000 for 2000
 580 hyphenation exceptions out of 1000
 27i,9n,27p,202b,349s stack positions out of 1500i,500n,5000p,200000b,5000s
PDF statistics:
 271 PDF objects out of 300000
 0 named destinations out of 131072
 16897 words of extra memory for PDF output out of 65536
</usr/sww/pkg/teTeX-3.0/share/texmf-dist/fonts/type1/bluesky/latex/line10.pfb
>{/usr/sww/pkg/teTeX-3.0/share/texmf-dist/fonts/enc/dvips/psnfss/8r.enc}</usr/s
ww/pkg/teTeX-3.0/share/texmf-dist/fonts/type1/urw/palatino/uplri8a.pfb></usr/sw
w/pkg/teTeX-3.0/share/texmf-dist/fonts/type1/urw/palatino/uplri8a.pfb></usr/sww
/pkg/teTeX-3.0/share/texmf-dist/fonts/type1/urw/palatino/uplri8a.pfb></usr/sww/
pkg/teTeX-3.0/share/texmf-dist/fonts/type1/urw/palatino/uplri8a.pfb></usr/sww/p
kg/teTeX-3.0/share/texmf-dist/fonts/type1/urw/palatino/uplr8a.pfb></usr/sww/pkg
/teTeX-3.0/share/texmf-dist/fonts/type1/urw/palatino/uplri8a.pfb></usr/sww/pkg/
teTeX-3.0/share/texmf-dist/fonts/type1/urw/palatino/uplr8a.pfb></usr/sww/pkg/te
TeX-3.0/share/texmf-dist/fonts/type1/public/mathpazo/fplmr.pfb></usr/sww/pkg/te
TeX-3.0/share/texmf-dist/fonts/type1/bluesky/cm/cmex10.pfb></usr/sww/pkg/teTeX-
3.0/share/texmf-dist/fonts/type1/urw/palatino/uplri8a.pfb></usr/sww/pkg/teTeX-3
.0/share/texmf-dist/fonts/type1/public/mathpazo/fplmri.pfb></usr/sww/pkg/teTeX-
3.0/share/texmf-dist/fonts/type1/bluesky/cm/cmmi10.pfb></usr/sww/pkg/teTeX-3.0/
share/texmf-dist/fonts/type1/urw/palatino/uplr8a.pfb></usr/sww/pkg/teTeX-3.0/sh
are/texmf-dist/fonts/type1/bluesky/cm/cmr10.pfb></usr/sww/pkg/teTeX-3.0/share/t
exmf-dist/fonts/type1/urw/palatino/uplr8a.pfb></usr/sww/pkg/teTeX-3.0/share/tex
mf-dist/fonts/type1/urw/palatino/uplri8a.pfb></usr/sww/pkg/teTeX-3.0/share/texm
f-dist/fonts/type1/urw/palatino/uplr8a.pfb></usr/sww/pkg/teTeX-3.0/share/texmf-
dist/fonts/type1/urw/palatino/uplr8a.pfb></usr/sww/pkg/teTeX-3.0/share/texmf-di
st/fonts/type1/urw/palatino/uplri8a.pfb></usr/sww/pkg/teTeX-3.0/share/texmf-dis
t/fonts/type1/urw/palatino/uplr8a.pfb></usr/sww/pkg/teTeX-3.0/share/texmf-dist/
fonts/type1/urw/palatino/uplri8a.pfb></usr/sww/pkg/teTeX-3.0/share/texmf-dist/f
onts/type1/urw/palatino/uplr8a.pfb></usr/sww/pkg/teTeX-3.0/share/texmf-dist/fon
ts/type1/urw/palatino/uplr8a.pfb></usr/sww/pkg/teTeX-3.0/share/texmf-dist/fonts
/type1/urw/palatino/uplri8a.pfb></usr/sww/pkg/teTeX-3.0/share/texmf-dist/fonts/
type1/urw/palatino/uplr8a.pfb></usr/sww/pkg/teTeX-3.0/share/texmf-dist/fonts/ty
pe1/bluesky/cm/cmsy10.pfb></usr/sww/pkg/teTeX-3.0/share/texmf-dist/fonts/type1/
urw/palatino/uplri8a.pfb></usr/sww/pkg/teTeX-3.0/share/texmf-dist/fonts/type1/u
rw/palatino/uplb8a.pfb></usr/sww/pkg/teTeX-3.0/share/texmf-dist/fonts/type1/urw
/palatino/uplr8a.pfb>
Output written on math1a.pdf (57 pages, 563425 bytes).
